2024-01-19 16:57:17,513 INFO  [default] reading "labelled_supertree/labelled_supertree_ottnames_without_monotypic.tre"...
Replacing "Oenanthe lugens 'syenitica' ott5560484" with "Oenanthe lugens  syenitica  ott5560484"
Replacing "Toxostoma cf. curvirostre BOLD:AAK2030 ott482385" with "Toxostoma cf. curvirostre BOLD AAK2030 ott482385"
Replacing "Vermivora chrysoptera x cyanoptera (Brewster's warbler) ott6153649" with "Vermivora chrysoptera x cyanoptera  Brewster s warbler  ott6153649"
Replacing "Gypsophila (genus in Aves) ott6520423" with "Gypsophila  genus in Aves  ott6520423"
Replacing "Horornis flavolivaceus intricatus (Hartert, E, 1909) ott258690" with "Horornis flavolivaceus intricatus  Hartert  E  1909  ott258690"
Replacing "Horornis flavolivaceus weberi (Mayr, 1941) ott305438" with "Horornis flavolivaceus weberi  Mayr  1941  ott305438"
Replacing "Bernieria madagascariensis (Gmelin, 1789) ott959901" with "Bernieria madagascariensis  Gmelin  1789  ott959901"
Replacing "Passeriformes sp. BOLD:AAB3817 ott4131824" with "Passeriformes sp. BOLD AAB3817 ott4131824"
Replacing "Passeriformes sp. BOLD:AAE4275 ott4131825" with "Passeriformes sp. BOLD AAE4275 ott4131825"
Replacing "Passeriformes sp. BOLD:AAE3085 ott4131826" with "Passeriformes sp. BOLD AAE3085 ott4131826"
Replacing "Passeriformes sp. BOLD:AAE4894 ott4131827" with "Passeriformes sp. BOLD AAE4894 ott4131827"
Replacing "Passeriformes sp. BOLD:AAE4576 ott4131828" with "Passeriformes sp. BOLD AAE4576 ott4131828"
Replacing "Passeriformes sp. BOLD:AAE6150 ott4131829" with "Passeriformes sp. BOLD AAE6150 ott4131829"
Replacing "Passeriformes sp. BOLD:AAE5947 ott4131830" with "Passeriformes sp. BOLD AAE5947 ott4131830"
Replacing "Passeriformes sp. BOLD:AAE8492 ott4131831" with "Passeriformes sp. BOLD AAE8492 ott4131831"
Replacing "Passeriformes sp. BOLD:AAE7043 ott4131832" with "Passeriformes sp. BOLD AAE7043 ott4131832"
Replacing "Passeriformes sp. BOLD:AAE9055 ott4131833" with "Passeriformes sp. BOLD AAE9055 ott4131833"
Replacing "Passeriformes sp. BOLD:AAE8834 ott4131834" with "Passeriformes sp. BOLD AAE8834 ott4131834"
Replacing "Passeriformes sp. BOLD:AAJ4493 ott4131835" with "Passeriformes sp. BOLD AAJ4493 ott4131835"
Replacing "Passeriformes sp. BOLD:AAI7890 ott4131836" with "Passeriformes sp. BOLD AAI7890 ott4131836"
Replacing "Passeriformes sp. BOLD:AAK0374 ott4131837" with "Passeriformes sp. BOLD AAK0374 ott4131837"
Replacing "Passeriformes sp. BOLD:AAB7212 ott4131838" with "Passeriformes sp. BOLD AAB7212 ott4131838"
Replacing "Passeriformes sp. BOLD:AAB7036 ott4131839" with "Passeriformes sp. BOLD AAB7036 ott4131839"
Replacing "Passeriformes sp. BOLD:AAB5891 ott4131840" with "Passeriformes sp. BOLD AAB5891 ott4131840"
Replacing "Passeriformes sp. BOLD:AAB5357 ott4131841" with "Passeriformes sp. BOLD AAB5357 ott4131841"
Replacing "Passeriformes sp. BOLD:AAB7518 ott4131842" with "Passeriformes sp. BOLD AAB7518 ott4131842"
Replacing "Passeriformes sp. BOLD:AAC5806 ott4131843" with "Passeriformes sp. BOLD AAC5806 ott4131843"
Replacing "Passeriformes sp. BOLD:AAC4939 ott4131844" with "Passeriformes sp. BOLD AAC4939 ott4131844"
Replacing "Passeriformes sp. BOLD:AAC3960 ott4131845" with "Passeriformes sp. BOLD AAC3960 ott4131845"
Replacing "Passeriformes sp. BOLD:AAC3797 ott4131846" with "Passeriformes sp. BOLD AAC3797 ott4131846"
Replacing "Passeriformes sp. BOLD:AAC4760 ott4131847" with "Passeriformes sp. BOLD AAC4760 ott4131847"
Replacing "Passeriformes sp. BOLD:AAC4136 ott4131848" with "Passeriformes sp. BOLD AAC4136 ott4131848"
Replacing "Passeriformes sp. BOLD:AAC1714 ott4131849" with "Passeriformes sp. BOLD AAC1714 ott4131849"
Replacing "Passeriformes sp. BOLD:AAC0944 ott4131850" with "Passeriformes sp. BOLD AAC0944 ott4131850"
Replacing "Passeriformes sp. BOLD:AAC2758 ott4131851" with "Passeriformes sp. BOLD AAC2758 ott4131851"
Replacing "Passeriformes sp. BOLD:AAC1766 ott4131852" with "Passeriformes sp. BOLD AAC1766 ott4131852"
Replacing "Passeriformes sp. BOLD:AAF6271 ott4131853" with "Passeriformes sp. BOLD AAF6271 ott4131853"
Replacing "Passeriformes sp. BOLD:AAD2398 ott4131854" with "Passeriformes sp. BOLD AAD2398 ott4131854"
Replacing "Passeriformes sp. BOLD:AAC4303 ott4131855" with "Passeriformes sp. BOLD AAC4303 ott4131855"
Replacing "Passeriformes sp. BOLD:AAC4302 ott4131856" with "Passeriformes sp. BOLD AAC4302 ott4131856"
Replacing "Passeriformes sp. BOLD:AAF6567 ott4131857" with "Passeriformes sp. BOLD AAF6567 ott4131857"
Replacing "Passeriformes sp. BOLD:AAD8096 ott4131858" with "Passeriformes sp. BOLD AAD8096 ott4131858"
Replacing "Passeriformes sp. BOLD:AAK6841 ott4131859" with "Passeriformes sp. BOLD AAK6841 ott4131859"
Replacing "Passeriformes sp. BOLD:AAK6726 ott4131860" with "Passeriformes sp. BOLD AAK6726 ott4131860"
Replacing "Passeriformes sp. BOLD:AAK3584 ott4131861" with "Passeriformes sp. BOLD AAK3584 ott4131861"
Replacing "Passeriformes sp. BOLD:AAK3115 ott4131862" with "Passeriformes sp. BOLD AAK3115 ott4131862"
Replacing "Passeriformes sp. BOLD:AAJ9661 ott4131863" with "Passeriformes sp. BOLD AAJ9661 ott4131863"
Replacing "Passeriformes sp. BOLD:AAJ3667 ott4131864" with "Passeriformes sp. BOLD AAJ3667 ott4131864"
Replacing "Passeriformes sp. BOLD:AAI7987 ott4131865" with "Passeriformes sp. BOLD AAI7987 ott4131865"
Replacing "Passeriformes sp. BOLD:AAI7428 ott4131866" with "Passeriformes sp. BOLD AAI7428 ott4131866"
Replacing "Passeriformes sp. BOLD:AAI7180 ott4131867" with "Passeriformes sp. BOLD AAI7180 ott4131867"
Replacing "Passeriformes sp. BOLD:AAH9030 ott4131868" with "Passeriformes sp. BOLD AAH9030 ott4131868"
Replacing "Passeriformes sp. BOLD:AAA4165 ott4131869" with "Passeriformes sp. BOLD AAA4165 ott4131869"
Replacing "Passeriformes sp. BOLD:AAA8503 ott4131870" with "Passeriformes sp. BOLD AAA8503 ott4131870"
Replacing "Passeriformes sp. BOLD:AAA4006 ott4131871" with "Passeriformes sp. BOLD AAA4006 ott4131871"
Replacing "Passeriformes sp. BOLD:AAA9452 ott4131872" with "Passeriformes sp. BOLD AAA9452 ott4131872"
Replacing "Passeriformes sp. BOLD:AAA9914 ott4131873" with "Passeriformes sp. BOLD AAA9914 ott4131873"
Replacing "Passeriformes sp. BOLD:AAF8418 ott4131874" with "Passeriformes sp. BOLD AAF8418 ott4131874"
Replacing "Passeriformes sp. BOLD:AAB6423 ott4131875" with "Passeriformes sp. BOLD AAB6423 ott4131875"
Replacing "Passeriformes sp. BOLD:AAB7766 ott4131876" with "Passeriformes sp. BOLD AAB7766 ott4131876"
Replacing "Passeriformes sp. BOLD:AAF5579 ott4131877" with "Passeriformes sp. BOLD AAF5579 ott4131877"
Replacing "Passeriformes sp. BOLD:AAI0234 ott4131878" with "Passeriformes sp. BOLD AAI0234 ott4131878"
Replacing "Passeriformes sp. BOLD:AAC1608 ott4131880" with "Passeriformes sp. BOLD AAC1608 ott4131880"
Replacing "Passeriformes sp. BOLD:AAC1631 ott4131881" with "Passeriformes sp. BOLD AAC1631 ott4131881"
Replacing "Passeriformes sp. BOLD:AAC2414 ott4131882" with "Passeriformes sp. BOLD AAC2414 ott4131882"
Replacing "Passeriformes sp. BOLD:AAC3018 ott4131883" with "Passeriformes sp. BOLD AAC3018 ott4131883"
Replacing "Passeriformes sp. BOLD:AAB4120 ott4131884" with "Passeriformes sp. BOLD AAB4120 ott4131884"
Replacing "Passeriformes sp. BOLD:AAB4908 ott4131885" with "Passeriformes sp. BOLD AAB4908 ott4131885"
Replacing "Passeriformes sp. BOLD:AAB5244 ott4131886" with "Passeriformes sp. BOLD AAB5244 ott4131886"
Replacing "Passeriformes sp. BOLD:AAB8613 ott4131887" with "Passeriformes sp. BOLD AAB8613 ott4131887"
Replacing "Passeriformes sp. BOLD:AAC3597 ott4131888" with "Passeriformes sp. BOLD AAC3597 ott4131888"
Replacing "Passeriformes sp. BOLD:AAC4716 ott4131889" with "Passeriformes sp. BOLD AAC4716 ott4131889"
Replacing "Passeriformes sp. BOLD:AAB7010 ott4131890" with "Passeriformes sp. BOLD AAB7010 ott4131890"
Replacing "Passeriformes sp. BOLD:AAB7009 ott4131891" with "Passeriformes sp. BOLD AAB7009 ott4131891"
Replacing "Passeriformes sp. BOLD:AAB6005 ott4131892" with "Passeriformes sp. BOLD AAB6005 ott4131892"
Replacing "Passeriformes sp. BOLD:AAJ8015 ott4131893" with "Passeriformes sp. BOLD AAJ8015 ott4131893"
Replacing "Passeriformes sp. BOLD:AAE1444 ott4131895" with "Passeriformes sp. BOLD AAE1444 ott4131895"
Replacing "Passeriformes sp. BOLD:AAE2905 ott4131896" with "Passeriformes sp. BOLD AAE2905 ott4131896"
Replacing "Passeriformes sp. BOLD:AAE0307 ott4131897" with "Passeriformes sp. BOLD AAE0307 ott4131897"
Replacing "Passeriformes sp. BOLD:AAE0471 ott4131898" with "Passeriformes sp. BOLD AAE0471 ott4131898"
Replacing "Passeriformes sp. BOLD:AAE0645 ott4131899" with "Passeriformes sp. BOLD AAE0645 ott4131899"
Replacing "Passeriformes sp. BOLD:AAE1087 ott4131900" with "Passeriformes sp. BOLD AAE1087 ott4131900"
Replacing "Passeriformes sp. BOLD:AAD7410 ott4131901" with "Passeriformes sp. BOLD AAD7410 ott4131901"
Replacing "Passeriformes sp. BOLD:AAD7947 ott4131902" with "Passeriformes sp. BOLD AAD7947 ott4131902"
Replacing "Passeriformes sp. BOLD:AAD8373 ott4131903" with "Passeriformes sp. BOLD AAD8373 ott4131903"
Replacing "Passeriformes sp. BOLD:AAE0006 ott4131904" with "Passeriformes sp. BOLD AAE0006 ott4131904"
Replacing "Passeriformes sp. BOLD:AAB2154 ott4131905" with "Passeriformes sp. BOLD AAB2154 ott4131905"
Replacing "Passeriformes sp. BOLD:AAF0313 ott4131906" with "Passeriformes sp. BOLD AAF0313 ott4131906"
Replacing "Passeriformes sp. BOLD:AAF1415 ott4131907" with "Passeriformes sp. BOLD AAF1415 ott4131907"
Replacing "Passeriformes sp. BOLD:AAE9500 ott4131908" with "Passeriformes sp. BOLD AAE9500 ott4131908"
Replacing "Passeriformes sp. BOLD:AAE9778 ott4131909" with "Passeriformes sp. BOLD AAE9778 ott4131909"
Replacing "Passeriformes sp. BOLD:AAF2894 ott4131910" with "Passeriformes sp. BOLD AAF2894 ott4131910"
Replacing "Passeriformes sp. BOLD:AAF6898 ott4131911" with "Passeriformes sp. BOLD AAF6898 ott4131911"
Replacing "Passeriformes sp. BOLD:AAF1573 ott4131912" with "Passeriformes sp. BOLD AAF1573 ott4131912"
Replacing "Passeriformes sp. BOLD:AAF2720 ott4131913" with "Passeriformes sp. BOLD AAF2720 ott4131913"
Replacing "Passeriformes sp. BOLD:AAF5864 ott4131914" with "Passeriformes sp. BOLD AAF5864 ott4131914"
Replacing "Passeriformes sp. BOLD:AAF8382 ott4131915" with "Passeriformes sp. BOLD AAF8382 ott4131915"
Replacing "Passeriformes sp. BOLD:AAF5480 ott4131916" with "Passeriformes sp. BOLD AAF5480 ott4131916"
Replacing "Passeriformes sp. BOLD:AAF1005 ott4131917" with "Passeriformes sp. BOLD AAF1005 ott4131917"
Replacing "Passeriformes sp. BOLD:AAF1413 ott4131918" with "Passeriformes sp. BOLD AAF1413 ott4131918"
Replacing "Passeriformes sp. BOLD:AAE7170 ott4131919" with "Passeriformes sp. BOLD AAE7170 ott4131919"
Replacing "Passeriformes sp. BOLD:AAE9591 ott4131920" with "Passeriformes sp. BOLD AAE9591 ott4131920"
Replacing "Passeriformes sp. BOLD:AAF8385 ott4131921" with "Passeriformes sp. BOLD AAF8385 ott4131921"
Replacing "Passeriformes sp. BOLD:AAA4164 ott4131922" with "Passeriformes sp. BOLD AAA4164 ott4131922"
Replacing "Passeriformes sp. BOLD:AAA8767 ott4131923" with "Passeriformes sp. BOLD AAA8767 ott4131923"
Replacing "Passeriformes sp. BOLD:AAC0354 ott4131924" with "Passeriformes sp. BOLD AAC0354 ott4131924"
Replacing "Passeriformes sp. BOLD:AAC0709 ott4131925" with "Passeriformes sp. BOLD AAC0709 ott4131925"
Replacing "Passeriformes sp. BOLD:AAB7767 ott4131926" with "Passeriformes sp. BOLD AAB7767 ott4131926"
Replacing "Passeriformes sp. BOLD:AAB8076 ott4131927" with "Passeriformes sp. BOLD AAB8076 ott4131927"
Replacing "Passeriformes sp. BOLD:AAB8392 ott4131928" with "Passeriformes sp. BOLD AAB8392 ott4131928"
Replacing "Passeriformes sp. BOLD:AAB9159 ott4131929" with "Passeriformes sp. BOLD AAB9159 ott4131929"
Replacing "Passeriformes sp. BOLD:AAB9673 ott4131930" with "Passeriformes sp. BOLD AAB9673 ott4131930"
Replacing "Passeriformes sp. BOLD:AAB9819 ott4131931" with "Passeriformes sp. BOLD AAB9819 ott4131931"
Replacing "Passeriformes sp. BOLD:AAB9855 ott4131932" with "Passeriformes sp. BOLD AAB9855 ott4131932"
Replacing "Passeriformes sp. BOLD:AAB9859 ott4131933" with "Passeriformes sp. BOLD AAB9859 ott4131933"
Replacing "Passeriformes sp. BOLD:AAH7867 ott4131934" with "Passeriformes sp. BOLD AAH7867 ott4131934"
Replacing "Passeriformes sp. BOLD:AAC8978 ott4131935" with "Passeriformes sp. BOLD AAC8978 ott4131935"
Replacing "Passeriformes sp. BOLD:AAC8979 ott4131936" with "Passeriformes sp. BOLD AAC8979 ott4131936"
Replacing "Passeriformes sp. BOLD:AAC8254 ott4131937" with "Passeriformes sp. BOLD AAC8254 ott4131937"
Replacing "Passeriformes sp. BOLD:AAC8822 ott4131938" with "Passeriformes sp. BOLD AAC8822 ott4131938"
Replacing "Passeriformes sp. BOLD:AAC7605 ott4131939" with "Passeriformes sp. BOLD AAC7605 ott4131939"
Replacing "Passeriformes sp. BOLD:AAC8067 ott4131940" with "Passeriformes sp. BOLD AAC8067 ott4131940"
Replacing "Passeriformes sp. BOLD:AAC7319 ott4131941" with "Passeriformes sp. BOLD AAC7319 ott4131941"
Replacing "Passeriformes sp. BOLD:AAC7545 ott4131942" with "Passeriformes sp. BOLD AAC7545 ott4131942"
Replacing "Passeriformes sp. BOLD:AAC6056 ott4131943" with "Passeriformes sp. BOLD AAC6056 ott4131943"
Replacing "Passeriformes sp. BOLD:AAC7035 ott4131944" with "Passeriformes sp. BOLD AAC7035 ott4131944"
Replacing "Passeriformes sp. BOLD:AAM0075 ott4131945" with "Passeriformes sp. BOLD AAM0075 ott4131945"
Replacing "Passeriformes sp. BOLD:AAM0891 ott4131946" with "Passeriformes sp. BOLD AAM0891 ott4131946"
Replacing "Passeriformes sp. BOLD:AAB2914 ott4131947" with "Passeriformes sp. BOLD AAB2914 ott4131947"
Replacing "Passeriformes sp. BOLD:AAB0997 ott4131948" with "Passeriformes sp. BOLD AAB0997 ott4131948"
Replacing "Passeriformes sp. BOLD:AAB0328 ott4131949" with "Passeriformes sp. BOLD AAB0328 ott4131949"
Replacing "Passeriformes sp. BOLD:AAB5167 ott4131950" with "Passeriformes sp. BOLD AAB5167 ott4131950"
Replacing "Passeriformes sp. BOLD:AAB4962 ott4131951" with "Passeriformes sp. BOLD AAB4962 ott4131951"
Replacing "Passeriformes sp. BOLD:AAB3618 ott4131952" with "Passeriformes sp. BOLD AAB3618 ott4131952"
Replacing "Passeriformes sp. BOLD:AAB5335 ott4131953" with "Passeriformes sp. BOLD AAB5335 ott4131953"
Replacing "Passeriformes sp. BOLD:AAB5241 ott4131954" with "Passeriformes sp. BOLD AAB5241 ott4131954"
Replacing "Passeriformes sp. BOLD:AAB3149 ott4131955" with "Passeriformes sp. BOLD AAB3149 ott4131955"
Replacing "Passeriformes sp. BOLD:AAD6341 ott4131956" with "Passeriformes sp. BOLD AAD6341 ott4131956"
Replacing "Passeriformes sp. BOLD:AAD0051 ott4131957" with "Passeriformes sp. BOLD AAD0051 ott4131957"
Replacing "Passeriformes sp. BOLD:AAC7687 ott4131958" with "Passeriformes sp. BOLD AAC7687 ott4131958"
Replacing "Passeriformes sp. BOLD:AAC4823 ott4131959" with "Passeriformes sp. BOLD AAC4823 ott4131959"
Replacing "Passeriformes sp. BOLD:AAE0996 ott4131960" with "Passeriformes sp. BOLD AAE0996 ott4131960"
Replacing "Passeriformes sp. BOLD:AAD9437 ott4131961" with "Passeriformes sp. BOLD AAD9437 ott4131961"
Replacing "Passeriformes sp. BOLD:AAD6725 ott4131962" with "Passeriformes sp. BOLD AAD6725 ott4131962"
Replacing "Passeriformes sp. BOLD:AAD6643 ott4131963" with "Passeriformes sp. BOLD AAD6643 ott4131963"
Replacing "Passeriformes sp. BOLD:AAE4301 ott4131964" with "Passeriformes sp. BOLD AAE4301 ott4131964"
Replacing "Passeriformes sp. BOLD:AAE3078 ott4131965" with "Passeriformes sp. BOLD AAE3078 ott4131965"
Replacing "Passeriformes sp. BOLD:AAB3819 ott4131966" with "Passeriformes sp. BOLD AAB3819 ott4131966"
Replacing "Passeriformes sp. BOLD:AAB0009 ott4131967" with "Passeriformes sp. BOLD AAB0009 ott4131967"
Replacing "Passeriformes sp. BOLD:AAA8667 ott4131968" with "Passeriformes sp. BOLD AAA8667 ott4131968"
Replacing "Passeriformes sp. BOLD:AAA7930 ott4131969" with "Passeriformes sp. BOLD AAA7930 ott4131969"
Replacing "Passeriformes sp. BOLD:AAD5564 ott4131970" with "Passeriformes sp. BOLD AAD5564 ott4131970"
Replacing "Passeriformes sp. BOLD:AAD5529 ott4131971" with "Passeriformes sp. BOLD AAD5529 ott4131971"
Replacing "Passeriformes sp. BOLD:AAD2190 ott4131972" with "Passeriformes sp. BOLD AAD2190 ott4131972"
Replacing "Passeriformes sp. BOLD:AAD0057 ott4131973" with "Passeriformes sp. BOLD AAD0057 ott4131973"
Replacing "Passeriformes sp. BOLD:AAC9150 ott4131974" with "Passeriformes sp. BOLD AAC9150 ott4131974"
Replacing "Passeriformes sp. BOLD:AAC9030 ott4131975" with "Passeriformes sp. BOLD AAC9030 ott4131975"
Replacing "Passeriformes sp. BOLD:AAD3933 ott4131976" with "Passeriformes sp. BOLD AAD3933 ott4131976"
Replacing "Passeriformes sp. BOLD:AAD3755 ott4131977" with "Passeriformes sp. BOLD AAD3755 ott4131977"
Replacing "Passeriformes sp. BOLD:AAD2463 ott4131978" with "Passeriformes sp. BOLD AAD2463 ott4131978"
Replacing "Passeriformes sp. BOLD:AAD2458 ott4131979" with "Passeriformes sp. BOLD AAD2458 ott4131979"
Replacing "Psittaciformes sp. BOLD:AAD2764 ott4131193" with "Psittaciformes sp. BOLD AAD2764 ott4131193"
Replacing "Psittaciformes sp. BOLD:AAF7435 ott4131194" with "Psittaciformes sp. BOLD AAF7435 ott4131194"
Replacing "Falconiformes sp. BOLD:AAE9111 ott4130311" with "Falconiformes sp. BOLD AAE9111 ott4130311"
Replacing "Falconiformes sp. BOLD:AAE9878 ott4130312" with "Falconiformes sp. BOLD AAE9878 ott4130312"
Replacing "Falconiformes sp. BOLD:AAF0183 ott4130313" with "Falconiformes sp. BOLD AAF0183 ott4130313"
Replacing "Falconiformes sp. BOLD:AAC5641 ott4130314" with "Falconiformes sp. BOLD AAC5641 ott4130314"
Replacing "Falconiformes sp. BOLD:AAF7832 ott4130315" with "Falconiformes sp. BOLD AAF7832 ott4130315"
Replacing "Falconiformes sp. BOLD:AAG2003 ott4130316" with "Falconiformes sp. BOLD AAG2003 ott4130316"
Replacing "Strigiformes sp. BOLD:AAB4826 ott4131232" with "Strigiformes sp. BOLD AAB4826 ott4131232"
Replacing "Strigiformes sp. BOLD:AAC6752 ott4131233" with "Strigiformes sp. BOLD AAC6752 ott4131233"
Replacing "Strigiformes sp. BOLD:AAB6046 ott4131234" with "Strigiformes sp. BOLD AAB6046 ott4131234"
Replacing "Strigiformes sp. BOLD:AAF6629 ott4131235" with "Strigiformes sp. BOLD AAF6629 ott4131235"
Replacing "Strigiformes sp. BOLD:AAC8515 ott4131236" with "Strigiformes sp. BOLD AAC8515 ott4131236"
Replacing "Strigiformes sp. BOLD:AAE9025 ott4131237" with "Strigiformes sp. BOLD AAE9025 ott4131237"
Replacing "Piciformes sp. BOLD:AAK0692 ott4130706" with "Piciformes sp. BOLD AAK0692 ott4130706"
Replacing "Piciformes sp. BOLD:AAC9756 ott4130707" with "Piciformes sp. BOLD AAC9756 ott4130707"
Replacing "Piciformes sp. BOLD:AAD1299 ott4130708" with "Piciformes sp. BOLD AAD1299 ott4130708"
Replacing "Piciformes sp. BOLD:AAC4432 ott4130709" with "Piciformes sp. BOLD AAC4432 ott4130709"
Replacing "Piciformes sp. BOLD:AAC1454 ott4130710" with "Piciformes sp. BOLD AAC1454 ott4130710"
Replacing "Piciformes sp. BOLD:AAF2180 ott4130711" with "Piciformes sp. BOLD AAF2180 ott4130711"
Replacing "Piciformes sp. BOLD:AAE9615 ott4130712" with "Piciformes sp. BOLD AAE9615 ott4130712"
Replacing "Piciformes sp. BOLD:AAE8911 ott4130713" with "Piciformes sp. BOLD AAE8911 ott4130713"
Replacing "Piciformes sp. BOLD:AAD6789 ott4130714" with "Piciformes sp. BOLD AAD6789 ott4130714"
Replacing "Piciformes sp. BOLD:AAD4057 ott4130715" with "Piciformes sp. BOLD AAD4057 ott4130715"
Replacing "Galbuliformes sp. BOLD:AAI3414 ott4130794" with "Galbuliformes sp. BOLD AAI3414 ott4130794"
Replacing "Galbuliformes sp. BOLD:AAK4340 ott4130795" with "Galbuliformes sp. BOLD AAK4340 ott4130795"
Replacing "Pelecaniformes sp. BOLD:AAD3667 ott4131172" with "Pelecaniformes sp. BOLD AAD3667 ott4131172"
Replacing "Charadriiformes sp. BOLD:AAB4751 ott4130454" with "Charadriiformes sp. BOLD AAB4751 ott4130454"
Replacing "Charadriiformes sp. BOLD:AAB5364 ott4130455" with "Charadriiformes sp. BOLD AAB5364 ott4130455"
Replacing "Charadriiformes sp. BOLD:AAC3669 ott4130456" with "Charadriiformes sp. BOLD AAC3669 ott4130456"
Replacing "Cuculiformes sp. BOLD:AAF7348 ott4130293" with "Cuculiformes sp. BOLD AAF7348 ott4130293"
Replacing "Apodiformes sp. BOLD:AAJ5745 ott4130899" with "Apodiformes sp. BOLD AAJ5745 ott4130899"
Replacing "Apodiformes sp. BOLD:AAK4539 ott4130900" with "Apodiformes sp. BOLD AAK4539 ott4130900"
Replacing "Apodiformes sp. BOLD:AAL0199 ott4130901" with "Apodiformes sp. BOLD AAL0199 ott4130901"
Replacing "Apodiformes sp. BOLD:AAB0518 ott4130902" with "Apodiformes sp. BOLD AAB0518 ott4130902"
Replacing "Apodiformes sp. BOLD:AAD9461 ott4130903" with "Apodiformes sp. BOLD AAD9461 ott4130903"
Replacing "Apodiformes sp. BOLD:AAI6986 ott4130904" with "Apodiformes sp. BOLD AAI6986 ott4130904"
Replacing "Apodiformes sp. BOLD:AAJ0618 ott4130905" with "Apodiformes sp. BOLD AAJ0618 ott4130905"
Replacing "Apodiformes sp. BOLD:AAE9714 ott4130906" with "Apodiformes sp. BOLD AAE9714 ott4130906"
Replacing "Caprimulgiformes sp. BOLD:AAE2088 ott4130533" with "Caprimulgiformes sp. BOLD AAE2088 ott4130533"
Replacing "Caprimulgiformes sp. BOLD:AAD8459 ott4130534" with "Caprimulgiformes sp. BOLD AAD8459 ott4130534"
Replacing "Caprimulgiformes sp. BOLD:AAD8897 ott4130535" with "Caprimulgiformes sp. BOLD AAD8897 ott4130535"
Replacing "Columbiformes sp. BOLD:AAB3822 ott4130640" with "Columbiformes sp. BOLD AAB3822 ott4130640"
Replacing "Columbiformes sp. BOLD:AAE7052 ott4130641" with "Columbiformes sp. BOLD AAE7052 ott4130641"
Replacing "Columbiformes sp. BOLD:AAF7178 ott4130642" with "Columbiformes sp. BOLD AAF7178 ott4130642"
Replacing "Columbiformes sp. BOLD:AAC2913 ott4130643" with "Columbiformes sp. BOLD AAC2913 ott4130643"
Replacing "Columbiformes sp. BOLD:AAC6355 ott4130644" with "Columbiformes sp. BOLD AAC6355 ott4130644"
Replacing "Columbiformes sp. BOLD:AAF7841 ott4130645" with "Columbiformes sp. BOLD AAF7841 ott4130645"
Replacing "Ciconiiformes sp. BOLD:AAE7675 ott4130599" with "Ciconiiformes sp. BOLD AAE7675 ott4130599"
Replacing "Galliformes sp. BOLD:AAD6972 ott4131027" with "Galliformes sp. BOLD AAD6972 ott4131027"
Replacing "Galliformes sp. BOLD:AAF7609 ott4131028" with "Galliformes sp. BOLD AAF7609 ott4131028"
Replacing "Galliformes sp. BOLD:AAE4995 ott4131029" with "Galliformes sp. BOLD AAE4995 ott4131029"
Replacing "Anseriformes sp. BOLD:AAF2227 ott4130418" with "Anseriformes sp. BOLD AAF2227 ott4130418"
Replacing "Anseriformes sp. BOLD:AAD7995 ott4130419" with "Anseriformes sp. BOLD AAD7995 ott4130419"
Replacing "Anseriformes sp. BOLD:AAC9324 ott4130420" with "Anseriformes sp. BOLD AAC9324 ott4130420"
Replacing "Anseriformes sp. BOLD:AAC8331 ott4130421" with "Anseriformes sp. BOLD AAC8331 ott4130421"
Replacing "Anseriformes sp. BOLD:AAC5015 ott4130422" with "Anseriformes sp. BOLD AAC5015 ott4130422"
Replacing "Anseriformes sp. BOLD:AAB6382 ott4130423" with "Anseriformes sp. BOLD AAB6382 ott4130423"
Replacing "Anseriformes sp. BOLD:AAK7050 ott4130424" with "Anseriformes sp. BOLD AAK7050 ott4130424"
Replacing "Anseriformes sp. BOLD:AAF2888 ott4130425" with "Anseriformes sp. BOLD AAF2888 ott4130425"
Replacing "Gruiformes sp. BOLD:AAL0480 ott4131061" with "Gruiformes sp. BOLD AAL0480 ott4131061"
Replacing "Gruiformes sp. BOLD:AAJ5612 ott4131062" with "Gruiformes sp. BOLD AAJ5612 ott4131062"
Replacing "Tinamiformes sp. BOLD:AAE1945 ott4130252" with "Tinamiformes sp. BOLD AAE1945 ott4130252"
